<?xml version="1.0" encoding="UTF-8"?>
<testsuite xmlns:xsi="http://www.w3.org/2001/XMLSchema-instance" xsi:noNamespaceSchemaLocation="https://maven.apache.org/surefire/maven-surefire-plugin/xsd/surefire-test-report.xsd" name="com.paymybuddy.service.UserServiceTest" time="0.429" tests="23" errors="0" skipped="0" failures="0">
  <properties>
[...]
</properties>
  <testcase name="givenExistingUser_whenLoginWithBadEmail_thenReturnNull" classname="com.paymybuddy.service.UserServiceTest" time="0.006"/>
  <testcase name="givenExistingUser_whenLoginWithNullPassword_thenReturnNull" classname="com.paymybuddy.service.UserServiceTest" time="0.003"/>
  <testcase name="givenExistingUser_whenUpdateCorrectValues_thenReturnTrue" classname="com.paymybuddy.service.UserServiceTest" time="0.006"/>
  <testcase name="givenInvalidPhoneEntry_whenCreation_thenReturnNull" classname="com.paymybuddy.service.UserServiceTest" time="0.007"/>
  <testcase name="givenExistingUser_whenLoginWithNullEmail_thenReturnNull" classname="com.paymybuddy.service.UserServiceTest" time="0.005"/>
  <testcase name="givenNullFirstnameEntry_whenCreation_thenReturnNull" classname="com.paymybuddy.service.UserServiceTest" time="0.006"/>
  <testcase name="givenInvalidEmailAddressEntry_whenCreation_thenReturnNull" classname="com.paymybuddy.service.UserServiceTest" time="0.009"/>
  <testcase name="givenNullPasswordEntry_whenCreation_thenReturnNull" classname="com.paymybuddy.service.UserServiceTest" time="0.007"/>
  <testcase name="givenNullEmailAddressEntry_whenCreation_thenReturnNull" classname="com.paymybuddy.service.UserServiceTest" time="0.007"/>
  <testcase name="givenExistingUser_whenLoginWithCorrectId_thenReturnUser" classname="com.paymybuddy.service.UserServiceTest" time="0.002"/>
  <testcase name="givenNullFLastnameEntry_whenCreation_thenReturnNull" classname="com.paymybuddy.service.UserServiceTest" time="0.007"/>
  <testcase name="givenNewPerson_whenCreation_thenReturnPersonSavedInDb" classname="com.paymybuddy.service.UserServiceTest" time="0.006"/>
  <testcase name="givenExistingUser_whenLoginWithEmptyEmail_thenReturnNull" classname="com.paymybuddy.service.UserServiceTest" time="0.005"/>
  <testcase name="givenInvalidPhoneNumberEntry_whenCreation_thenReturnNull" classname="com.paymybuddy.service.UserServiceTest" time="0.011"/>
  <testcase name="testEquals_Symmetric" classname="com.paymybuddy.service.UserServiceTest" time="0"/>
  <testcase name="givenNullPhoneEntry_whenCreation_thenReturnNull" classname="com.paymybuddy.service.UserServiceTest" time="0.006"/>
  <testcase name="givenInvalidMaximumPhoneEntry_whenCreation_thenReturnNull" classname="com.paymybuddy.service.UserServiceTest" time="0.007"/>
  <testcase name="givenExistingUser_whenLoginWithBadPassword_thenReturnNull" classname="com.paymybuddy.service.UserServiceTest" time="0.003"/>
  <testcase name="givenUnexistingUser_whenUpdateBadValues_thenReturnFalse" classname="com.paymybuddy.service.UserServiceTest" time="0.008"/>
  <testcase name="givenAlreadyExistingEmailPersonInDb_whenCreation_thenReturnPersonNotSavedInDb" classname="com.paymybuddy.service.UserServiceTest" time="0.003"/>
  <testcase name="givenExistingUser_whenUpdateBadValues_thenReturnFalse" classname="com.paymybuddy.service.UserServiceTest" time="0.006"/>
  <testcase name="givenValidPhoneEntry_whenCreationWithSymbol_thenReturnNull" classname="com.paymybuddy.service.UserServiceTest" time="0.006"/>
  <testcase name="givenExistingUser_whenLoginWithEmptyPassword_thenReturnNull" classname="com.paymybuddy.service.UserServiceTest" time="0.005"/>
</testsuite>